<?xml version="1.0" encoding="UTF-8"?>
<!-- Generated by org.testng.reporters.JUnitReportReporter -->
<testsuite skipped="0" hostname="wdalwks7q5wbh2" name="testScripts.TC_VerifyUserCanLoginAndLogout" tests="1" failures="0" timestamp="17 May 2017 10:35:24 GMT" time="22.776" errors="0">
  <testcase name="verifyUserCanLoginAndLogout" time="22.776" classname="testScripts.TC_VerifyUserCanLoginAndLogout"/>
</testsuite> <!-- testScripts.TC_VerifyUserCanLoginAndLogout -->
