<?xml version="1.0" encoding="UTF-8"?>
<!-- Generated by org.testng.reporters.JUnitReportReporter -->
<testsuite skipped="0" hostname="wdalwks7q5wbh2" name="testScripts.TC_VerifyUserCanLogin" tests="1" failures="0" timestamp="03 May 2017 12:15:50 GMT" time="16.067" errors="0">
  <testcase name="verifyUserCanLogin" time="16.067" classname="testScripts.TC_VerifyUserCanLogin"/>
</testsuite> <!-- testScripts.TC_VerifyUserCanLogin -->
